<?xml version="1.0" encoding="UTF-8"?>
<testng-results ignored="0" total="4" passed="4" failed="0" skipped="0">
  <reporter-output>
  </reporter-output>
  <suite started-at="2025-04-21T20:57:03 IST" name="Default suite" finished-at="2025-04-21T20:57:12 IST" duration-ms="9652">
    <groups>
    </groups>
    <test started-at="2025-04-21T20:57:03 IST" name="Default test" finished-at="2025-04-21T20:57:12 IST" duration-ms="9652">
      <class name="testScript.LoginTest">
        <test-method is-config="true" signature="initialiseBrowser()[pri:0, instance:testScript.LoginTest@18df8434]" started-at="2025-04-21T20:57:03 IST" name="initialiseBrowser" finished-at="2025-04-21T20:57:05 IST" duration-ms="2166" status="PASS">
          <reporter-output>
          </reporter-output>
        </test-method> <!-- initialiseBrowser -->
        <test-method signature="verifyUserLOginwithInvalidPassword()[pri:0, instance:testScript.LoginTest@18df8434]" started-at="2025-04-21T20:57:05 IST" name="verifyUserLOginwithInvalidPassword" finished-at="2025-04-21T20:57:06 IST" duration-ms="1261" status="PASS">
          <reporter-output>
          </reporter-output>
        </test-method> <!-- verifyUserLOginwithInvalidPassword -->
        <test-method is-config="true" signature="driverCloseandQuit()[pri:0, instance:testScript.LoginTest@18df8434]" started-at="2025-04-21T20:57:06 IST" name="driverCloseandQuit" finished-at="2025-04-21T20:57:06 IST" duration-ms="0" status="PASS">
          <reporter-output>
          </reporter-output>
        </test-method> <!-- driverCloseandQuit -->
        <test-method is-config="true" signature="initialiseBrowser()[pri:0, instance:testScript.LoginTest@18df8434]" started-at="2025-04-21T20:57:06 IST" name="initialiseBrowser" finished-at="2025-04-21T20:57:07 IST" duration-ms="1413" status="PASS">
          <reporter-output>
          </reporter-output>
        </test-method> <!-- initialiseBrowser -->
        <test-method signature="verifyUserLOginwithInvalidUsername()[pri:0, instance:testScript.LoginTest@18df8434]" started-at="2025-04-21T20:57:07 IST" name="verifyUserLOginwithInvalidUsername" finished-at="2025-04-21T20:57:08 IST" duration-ms="376" status="PASS">
          <reporter-output>
          </reporter-output>
        </test-method> <!-- verifyUserLOginwithInvalidUsername -->
        <test-method is-config="true" signature="driverCloseandQuit()[pri:0, instance:testScript.LoginTest@18df8434]" started-at="2025-04-21T20:57:08 IST" name="driverCloseandQuit" finished-at="2025-04-21T20:57:08 IST" duration-ms="0" status="PASS">
          <reporter-output>
          </reporter-output>
        </test-method> <!-- driverCloseandQuit -->
        <test-method is-config="true" signature="initialiseBrowser()[pri:0, instance:testScript.LoginTest@18df8434]" started-at="2025-04-21T20:57:08 IST" name="initialiseBrowser" finished-at="2025-04-21T20:57:09 IST" duration-ms="1420" status="PASS">
          <reporter-output>
          </reporter-output>
        </test-method> <!-- initialiseBrowser -->
        <test-method signature="verifyUserLoginwithInvalidCredentials()[pri:0, instance:testScript.LoginTest@18df8434]" started-at="2025-04-21T20:57:09 IST" name="verifyUserLoginwithInvalidCredentials" finished-at="2025-04-21T20:57:10 IST" duration-ms="419" status="PASS">
          <reporter-output>
          </reporter-output>
        </test-method> <!-- verifyUserLoginwithInvalidCredentials -->
        <test-method is-config="true" signature="driverCloseandQuit()[pri:0, instance:testScript.LoginTest@18df8434]" started-at="2025-04-21T20:57:10 IST" name="driverCloseandQuit" finished-at="2025-04-21T20:57:10 IST" duration-ms="1" status="PASS">
          <reporter-output>
          </reporter-output>
        </test-method> <!-- driverCloseandQuit -->
        <test-method is-config="true" signature="initialiseBrowser()[pri:0, instance:testScript.LoginTest@18df8434]" started-at="2025-04-21T20:57:10 IST" name="initialiseBrowser" finished-at="2025-04-21T20:57:11 IST" duration-ms="1779" status="PASS">
          <reporter-output>
          </reporter-output>
        </test-method> <!-- initialiseBrowser -->
        <test-method signature="verifyUserLoginwithValidCredentials()[pri:0, instance:testScript.LoginTest@18df8434]" started-at="2025-04-21T20:57:11 IST" name="verifyUserLoginwithValidCredentials" finished-at="2025-04-21T20:57:12 IST" duration-ms="729" status="PASS">
          <reporter-output>
          </reporter-output>
        </test-method> <!-- verifyUserLoginwithValidCredentials -->
        <test-method is-config="true" signature="driverCloseandQuit()[pri:0, instance:testScript.LoginTest@18df8434]" started-at="2025-04-21T20:57:12 IST" name="driverCloseandQuit" finished-at="2025-04-21T20:57:12 IST" duration-ms="1" status="PASS">
          <reporter-output>
          </reporter-output>
        </test-method> <!-- driverCloseandQuit -->
      </class> <!-- testScript.LoginTest -->
    </test> <!-- Default test -->
  </suite> <!-- Default suite -->
</testng-results>
