<?xml version="1.0" encoding="UTF-8"?>
<!-- Generated by org.testng.reporters.JUnitXMLReporter -->
<testsuite ignored="3" hostname="DESKTOP-V42TCMT" failures="0" tests="1" name="Default test" time="2.549" errors="0" timestamp="2025-04-16T20:21:12 IST">
  <testcase classname="testScript.LoginTest" name="verifyUserLoginwithInvalidCredentials" time="0.256"/>
  <testcase classname="testScript.LoginTest" name="verifyUserLOginwithInvalidPassword" time="0.0">
    <ignored/>
  </testcase> <!-- verifyUserLOginwithInvalidPassword -->
  <testcase classname="testScript.LoginTest" name="verifyUserLoginwithValidCredentials" time="0.0">
    <ignored/>
  </testcase> <!-- verifyUserLoginwithValidCredentials -->
  <testcase classname="testScript.LoginTest" name="verifyUserLOginwithInvalidUsername" time="0.0">
    <ignored/>
  </testcase> <!-- verifyUserLOginwithInvalidUsername -->
</testsuite> <!-- Default test -->
