<?xml version="1.0" encoding="UTF-8"?>
<!-- Generated by org.testng.reporters.JUnitXMLReporter -->
<testsuite ignored="0" hostname="DESKTOP-V42TCMT" failures="0" tests="4" name="Default test" time="9.652" errors="0" timestamp="2025-04-21T20:57:12 IST">
  <testcase classname="testScript.LoginTest" name="verifyUserLOginwithInvalidPassword" time="1.261"/>
  <testcase classname="testScript.LoginTest" name="verifyUserLOginwithInvalidUsername" time="0.376"/>
  <testcase classname="testScript.LoginTest" name="verifyUserLoginwithInvalidCredentials" time="0.419"/>
  <testcase classname="testScript.LoginTest" name="verifyUserLoginwithValidCredentials" time="0.729"/>
</testsuite> <!-- Default test -->
