<?xml version="1.0" encoding="UTF-8"?>
<!-- Generated by org.testng.reporters.JUnitXMLReporter -->
<testsuite ignored="0" hostname="DESKTOP-V42TCMT" failures="1" tests="4" name="Test" time="14.67" errors="0" timestamp="2025-04-25T20:55:48 IST">
  <testcase classname="testScript.LoginTest" name="verifyUserLoginwithValidCredentials" time="2.532"/>
  <testcase classname="testScript.LoginTest" name="verifyUserLOginwithInvalidUsername" time="0.534">
    <failure type="java.lang.AssertionError" message="User was able to Login with Invalid Username expected [SWAGLABS] but found []">
      <![CDATA[java.lang.AssertionError: User was able to Login with Invalid Username expected [SWAGLABS] but found []
at testScript.LoginTest.verifyUserLOginwithInvalidUsername(LoginTest.java:37)
at java.base/java.util.ArrayList.forEach(ArrayList.java:1511)
... Removed 32 stack frames]]>
    </failure>
  </testcase> <!-- verifyUserLOginwithInvalidUsername -->
  <testcase classname="testScript.LoginTest" name="verifyUserLOginwithInvalidPassword" time="0.617"/>
  <testcase classname="testScript.LoginTest" name="verifyUserLoginwithInvalidCredentials" time="0.762"/>
</testsuite> <!-- Test -->
